

Processing ReasonCodeServiceController#wsdl (for 127.0.0.1 at 2011-06-14 22:10:25) [GET]

ActionController::UnknownAction (No action responded to wsdl. Actions: ansi_code_update, footnote_code_lookup, and reason_code_update):
  /Users/adavis/.rvm/rubies/ruby-1.8.7-p330/lib/ruby/1.8/webrick/httpserver.rb:104:in `service'
  /Users/adavis/.rvm/rubies/ruby-1.8.7-p330/lib/ruby/1.8/webrick/httpserver.rb:65:in `run'
  /Users/adavis/.rvm/rubies/ruby-1.8.7-p330/lib/ruby/1.8/webrick/server.rb:173:in `start_thread'
  /Users/adavis/.rvm/rubies/ruby-1.8.7-p330/lib/ruby/1.8/webrick/server.rb:162:in `start'
  /Users/adavis/.rvm/rubies/ruby-1.8.7-p330/lib/ruby/1.8/webrick/server.rb:162:in `start_thread'
  /Users/adavis/.rvm/rubies/ruby-1.8.7-p330/lib/ruby/1.8/webrick/server.rb:95:in `start'
  /Users/adavis/.rvm/rubies/ruby-1.8.7-p330/lib/ruby/1.8/webrick/server.rb:92:in `each'
  /Users/adavis/.rvm/rubies/ruby-1.8.7-p330/lib/ruby/1.8/webrick/server.rb:92:in `start'
  /Users/adavis/.rvm/rubies/ruby-1.8.7-p330/lib/ruby/1.8/webrick/server.rb:23:in `start'
  /Users/adavis/.rvm/rubies/ruby-1.8.7-p330/lib/ruby/1.8/webrick/server.rb:82:in `start'

Rendering rescues/layout (not_found)


Processing ReasonCodeServiceController#index (for 127.0.0.1 at 2011-06-14 22:10:31) [GET]

ActionController::UnknownAction (No action responded to index. Actions: ansi_code_update, api, footnote_code_lookup, reason_code_update, and wsdl):
  /Users/adavis/.rvm/rubies/ruby-1.8.7-p330/lib/ruby/1.8/webrick/httpserver.rb:104:in `service'
  /Users/adavis/.rvm/rubies/ruby-1.8.7-p330/lib/ruby/1.8/webrick/httpserver.rb:65:in `run'
  /Users/adavis/.rvm/rubies/ruby-1.8.7-p330/lib/ruby/1.8/webrick/server.rb:173:in `start_thread'
  /Users/adavis/.rvm/rubies/ruby-1.8.7-p330/lib/ruby/1.8/webrick/server.rb:162:in `start'
  /Users/adavis/.rvm/rubies/ruby-1.8.7-p330/lib/ruby/1.8/webrick/server.rb:162:in `start_thread'
  /Users/adavis/.rvm/rubies/ruby-1.8.7-p330/lib/ruby/1.8/webrick/server.rb:95:in `start'
  /Users/adavis/.rvm/rubies/ruby-1.8.7-p330/lib/ruby/1.8/webrick/server.rb:92:in `each'
  /Users/adavis/.rvm/rubies/ruby-1.8.7-p330/lib/ruby/1.8/webrick/server.rb:92:in `start'
  /Users/adavis/.rvm/rubies/ruby-1.8.7-p330/lib/ruby/1.8/webrick/server.rb:23:in `start'
  /Users/adavis/.rvm/rubies/ruby-1.8.7-p330/lib/ruby/1.8/webrick/server.rb:82:in `start'

Rendering rescues/layout (not_found)


Processing ReasonCodeServiceController#wsdl (for 127.0.0.1 at 2011-06-14 22:10:42) [GET]
Sending data 
Completed in 28ms (View: 1, DB: 0) | 200 OK [http://localhost/reason_code_service/wsdl]
